2020-01-06 09:03:42,721  INFO [main] TestBase:34 - Host Name : Local Driven
2020-01-06 09:03:42,724  INFO [main] TestBase:35 - Operating System : WINDOWS 7
2020-01-06 09:03:42,724  INFO [main] TestBase:36 - Browser :CHROME
2020-01-06 01:44:46,814  INFO [main] TestBase:37 - Host Name : Local Driven
2020-01-06 01:44:46,817  INFO [main] TestBase:38 - Operating System : WINDOWS 7
2020-01-06 01:44:46,817  INFO [main] TestBase:39 - Browser :CHROME
2020-01-06 01:45:46,097  INFO [main] TestBase:13 - Interacting the Element with dataAdmin
2020-01-06 01:45:49,129  INFO [main] TestBase:21 - Interacting the Element
2020-01-06 01:45:49,695  INFO [main] TestBase:21 - Interacting the Element
2020-01-06 01:45:49,856  INFO [main] TestBase:21 - Interacting the Element
2020-01-06 01:45:51,645  INFO [main] TestBase:13 - Interacting the Element with dataAdmin
2020-01-06 01:45:51,770  INFO [main] TestBase:21 - Interacting the Element
2020-01-06 01:45:52,084  INFO [main] TestBase:21 - Interacting the Element
2020-01-06 01:45:52,264  INFO [main] TestBase:21 - Interacting the Element
2020-01-06 23:19:50,768  INFO [main] TestBase:37 - Host Name : Local Driven
2020-01-06 23:19:50,772  INFO [main] TestBase:38 - Operating System : WINDOWS 7
2020-01-06 23:19:50,772  INFO [main] TestBase:39 - Browser :CHROME
2020-01-06 23:20:03,698  INFO [main] TestBase:13 - Interacting the Element with data : Admin
2020-01-06 23:20:04,221  INFO [main] TestBase:21 - Interacting the Element
2020-01-06 23:20:04,340  INFO [main] TestBase:21 - Interacting the Element
2020-01-06 23:20:04,431  INFO [main] TestBase:21 - Interacting the Element
2020-01-06 23:20:05,393  INFO [main] TestBase:13 - Interacting the Element with data : Admin
2020-01-06 23:20:05,446  INFO [main] TestBase:21 - Interacting the Element
2020-01-06 23:20:05,510  INFO [main] TestBase:21 - Interacting the Element
2020-01-06 23:20:05,579  INFO [main] TestBase:21 - Interacting the Element
2020-01-06 23:26:53,765  INFO [main] TestBase:37 - Host Name : Local Driven
2020-01-06 23:26:53,775  INFO [main] TestBase:38 - Operating System : WINDOWS 7
2020-01-06 23:26:53,775  INFO [main] TestBase:39 - Browser :CHROME
2020-01-06 23:27:03,199  INFO [main] TestBase:13 - Interacting the Element with data : Admin
2020-01-06 23:27:03,414  INFO [main] TestBase:21 - Interacting the Element
2020-01-06 23:27:03,582  INFO [main] TestBase:21 - Interacting the Element
2020-01-06 23:27:03,664  INFO [main] TestBase:21 - Interacting the Element
2020-01-06 23:27:04,629  INFO [main] TestBase:13 - Interacting the Element with data : Admin
2020-01-06 23:27:04,682  INFO [main] TestBase:21 - Interacting the Element
2020-01-06 23:27:04,744  INFO [main] TestBase:21 - Interacting the Element
2020-01-06 23:27:04,816  INFO [main] TestBase:21 - Interacting the Element
2020-01-06 23:27:50,623  INFO [main] TestBase:37 - Host Name : Local Driven
2020-01-06 23:27:50,623  INFO [main] TestBase:38 - Operating System : WINDOWS 7
2020-01-06 23:27:50,623  INFO [main] TestBase:39 - Browser :CHROME
2020-01-06 23:27:59,182  INFO [main] TestBase:13 - Interacting the Element with data : Admin
2020-01-06 23:27:59,255  INFO [main] TestBase:13 - Interacting the Element with data : Admin123
2020-01-06 23:27:59,392  INFO [main] TestBase:21 - Interacting the Element
2020-01-06 23:27:59,471  INFO [main] TestBase:21 - Interacting the Element
2020-01-06 23:28:01,194  INFO [main] TestBase:13 - Interacting the Element with data : Admin
2020-01-06 23:30:15,035  INFO [main] TestBase:37 - Host Name : Local Driven
2020-01-06 23:30:15,035  INFO [main] TestBase:38 - Operating System : WINDOWS 7
2020-01-06 23:30:15,045  INFO [main] TestBase:39 - Browser :CHROME
2020-01-06 23:30:23,677  INFO [main] TestBase:13 - Interacting the Element with data : Admin
2020-01-06 23:30:23,754  INFO [main] TestBase:13 - Interacting the Element with data : Admin123
2020-01-06 23:30:23,846  INFO [main] TestBase:21 - Interacting the Element
2020-01-06 23:30:23,933  INFO [main] TestBase:21 - Interacting the Element
2020-01-06 23:30:25,515  INFO [main] TestBase:13 - Interacting the Element with data : Admin
2020-01-06 23:36:02,179  INFO [main] TestBase:28 - Host Name : Local Driven
2020-01-06 23:36:02,200  INFO [main] TestBase:29 - Operating System : WINDOWS 7
2020-01-06 23:36:02,200  INFO [main] TestBase:30 - Browser :CHROME
2020-01-06 23:36:14,450  INFO [main] TestBase:13 - Interacting the Element with data : Admin
2020-01-06 23:36:14,604  INFO [main] TestBase:13 - Interacting the Element with data : Admin123
2020-01-06 23:36:14,699  INFO [main] TestBase:21 - Interacting the Element
2020-01-06 23:36:14,780  INFO [main] TestBase:21 - Interacting the Element
2020-01-06 23:36:16,843  INFO [main] TestBase:13 - Interacting the Element with data : Admin
2020-01-06 23:37:31,967  INFO [main] TestBase:28 - Host Name : Local Driven
2020-01-06 23:37:33,789  INFO [main] TestBase:29 - Operating System : WINDOWS 7
2020-01-06 23:37:34,437  INFO [main] TestBase:30 - Browser :CHROME
2020-01-06 23:38:25,738  INFO [main] TestBase:13 - Interacting the Element with data : Admin
2020-01-06 23:38:26,011  INFO [main] TestBase:13 - Interacting the Element with data : Admin123
2020-01-06 23:38:26,121  INFO [main] TestBase:21 - Interacting the Element
2020-01-06 23:38:26,218  INFO [main] TestBase:21 - Interacting the Element
2020-01-06 23:38:27,888  INFO [main] TestBase:13 - Interacting the Element with data : Admin
2020-01-06 23:40:14,867  INFO [main] TestBase:28 - Host Name : Local Driven
2020-01-06 23:40:14,871  INFO [main] TestBase:29 - Operating System : WINDOWS 7
2020-01-06 23:40:18,791  INFO [main] TestBase:30 - Browser :CHROME
2020-01-06 23:41:36,069  INFO [main] TestBase:13 - Interacting the Element with data : Admin
2020-01-06 23:41:36,381  INFO [main] TestBase:13 - Interacting the Element with data : Admin123
2020-01-06 23:41:36,493  INFO [main] TestBase:21 - Interacting the Element
2020-01-06 23:41:41,621  INFO [main] TestBase:21 - Interacting the Element
2020-01-06 23:45:09,286  INFO [main] TestBase:28 - Host Name : Local Driven
2020-01-06 23:45:09,290  INFO [main] TestBase:29 - Operating System : WINDOWS 7
2020-01-06 23:45:09,290  INFO [main] TestBase:30 - Browser :CHROME
2020-01-06 23:45:20,149  INFO [main] TestBase:13 - Interacting the Element with data : Admin
2020-01-06 23:45:20,217  INFO [main] TestBase:13 - Interacting the Element with data : Admin123
2020-01-06 23:45:20,301  INFO [main] TestBase:21 - Interacting the Element
2020-01-06 23:45:20,377  INFO [main] TestBase:21 - Interacting the Element
2020-01-06 23:45:22,052  INFO [main] TestBase:13 - Interacting the Element with data : Admin
2020-01-06 23:50:46,130  INFO [main] TestBase:27 - Host Name : Local Driven
2020-01-06 23:50:46,133  INFO [main] TestBase:28 - Operating System : WINDOWS 7
2020-01-06 23:50:46,134  INFO [main] TestBase:29 - Browser :CHROME
2020-01-06 23:51:03,448  INFO [main] TestBase:13 - Interacting the Element with data : Admin
2020-01-06 23:51:04,109  INFO [main] TestBase:13 - Interacting the Element with data : Admin123
2020-01-06 23:51:04,212  INFO [main] TestBase:21 - Interacting the Element
2020-01-06 23:51:04,307  INFO [main] TestBase:21 - Interacting the Element
2020-01-06 23:51:15,875  INFO [main] TestBase:13 - Interacting the Element with data : Admin
2020-01-06 23:51:15,949  INFO [main] TestBase:13 - Interacting the Element with data : Admin123
2020-01-06 23:51:16,040  INFO [main] TestBase:21 - Interacting the Element
2020-01-06 23:51:16,116  INFO [main] TestBase:21 - Interacting the Element
